<?xml version="1.0" encoding="UTF-8"?>
<testsuite xmlns:xsi="http://www.w3.org/2001/XMLSchema-instance" xsi:noNamespaceSchemaLocation="https://maven.apache.org/surefire/maven-surefire-plugin/xsd/surefire-test-report.xsd" version="3.0.2" name="com.healthy.BackEnd.BackEndApplicationTests" time="6.289" tests="1" errors="0" skipped="0" failures="0">
  <properties>
    <property name="java.specification.version" value="21"/>
    <property name="sun.cpu.isalist" value="amd64"/>
    <property name="sun.jnu.encoding" value="Cp1252"/>
    <property name="java.class.path" value="C:\Users\nguye\Documents\FPT\SWP391_Project\BackEnd\target\test-classes;C:\Users\nguye\Documents\FPT\SWP391_Project\BackEnd\target\classes;C:\Users\nguye\.m2\repository\org\springframework\boot\spring-boot-starter-web\3.4.1\spring-boot-starter-web-3.4.1.jar;C:\Users\nguye\.m2\repository\org\springframework\boot\spring-boot-starter\3.4.1\spring-boot-starter-3.4.1.jar;C:\Users\nguye\.m2\repository\org\springframework\boot\spring-boot\3.4.1\spring-boot-3.4.1.jar;C:\Users\nguye\.m2\repository\org\springframework\boot\spring-boot-autoconfigure\3.4.1\spring-boot-autoconfigure-3.4.1.jar;C:\Users\nguye\.m2\repository\org\springframework\boot\spring-boot-starter-logging\3.4.1\spring-boot-starter-logging-3.4.1.jar;C:\Users\nguye\.m2\repository\ch\qos\logback\logback-classic\1.5.12\logback-classic-1.5.12.jar;C:\Users\nguye\.m2\repository\ch\qos\logback\logback-core\1.5.12\logback-core-1.5.12.jar;C:\Users\nguye\.m2\repository\org\apache\logging\log4j\log4j-to-slf4j\2.24.3\log4j-to-slf4j-2.24.3.jar;C:\Users\nguye\.m2\repository\org\apache\logging\log4j\log4j-api\2.24.3\log4j-api-2.24.3.jar;C:\Users\nguye\.m2\repository\org\slf4j\jul-to-slf4j\2.0.16\jul-to-slf4j-2.0.16.jar;C:\Users\nguye\.m2\repository\jakarta\annotation\jakarta.annotation-api\2.1.1\jakarta.annotation-api-2.1.1.jar;C:\Users\nguye\.m2\repository\org\yaml\snakeyaml\2.3\snakeyaml-2.3.jar;C:\Users\nguye\.m2\repository\org\springframework\boot\spring-boot-starter-json\3.4.1\spring-boot-starter-json-3.4.1.jar;C:\Users\nguye\.m2\repository\com\fasterxml\jackson\datatype\jackson-datatype-jdk8\2.18.2\jackson-datatype-jdk8-2.18.2.jar;C:\Users\nguye\.m2\repository\com\fasterxml\jackson\datatype\jackson-datatype-jsr310\2.18.2\jackson-datatype-jsr310-2.18.2.jar;C:\Users\nguye\.m2\repository\com\fasterxml\jackson\module\jackson-module-parameter-names\2.18.2\jackson-module-parameter-names-2.18.2.jar;C:\Users\nguye\.m2\repository\org\springframework\boot\spring-boot-starter-tomcat\3.4.1\spring-boot-starter-tomcat-3.4.1.jar;C:\Users\nguye\.m2\repository\org\apache\tomcat\embed\tomcat-embed-core\10.1.34\tomcat-embed-core-10.1.34.jar;C:\Users\nguye\.m2\repository\org\apache\tomcat\embed\tomcat-embed-websocket\10.1.34\tomcat-embed-websocket-10.1.34.jar;C:\Users\nguye\.m2\repository\org\springframework\spring-web\6.2.1\spring-web-6.2.1.jar;C:\Users\nguye\.m2\repository\org\springframework\spring-beans\6.2.1\spring-beans-6.2.1.jar;C:\Users\nguye\.m2\repository\io\micrometer\micrometer-observation\1.14.2\micrometer-observation-1.14.2.jar;C:\Users\nguye\.m2\repository\io\micrometer\micrometer-commons\1.14.2\micrometer-commons-1.14.2.jar;C:\Users\nguye\.m2\repository\org\springframework\spring-webmvc\6.2.1\spring-webmvc-6.2.1.jar;C:\Users\nguye\.m2\repository\org\springframework\spring-aop\6.2.1\spring-aop-6.2.1.jar;C:\Users\nguye\.m2\repository\org\springframework\spring-context\6.2.1\spring-context-6.2.1.jar;C:\Users\nguye\.m2\repository\org\springframework\spring-expression\6.2.1\spring-expression-6.2.1.jar;C:\Users\nguye\.m2\repository\org\springframework\boot\spring-boot-starter-data-jpa\3.4.1\spring-boot-starter-data-jpa-3.4.1.jar;C:\Users\nguye\.m2\repository\org\springframework\boot\spring-boot-starter-jdbc\3.4.1\spring-boot-starter-jdbc-3.4.1.jar;C:\Users\nguye\.m2\repository\com\zaxxer\HikariCP\5.1.0\HikariCP-5.1.0.jar;C:\Users\nguye\.m2\repository\org\springframework\spring-jdbc\6.2.1\spring-jdbc-6.2.1.jar;C:\Users\nguye\.m2\repository\org\hibernate\orm\hibernate-core\6.6.4.Final\hibernate-core-6.6.4.Final.jar;C:\Users\nguye\.m2\repository\jakarta\persistence\jakarta.persistence-api\3.1.0\jakarta.persistence-api-3.1.0.jar;C:\Users\nguye\.m2\repository\jakarta\transaction\jakarta.transaction-api\2.0.1\jakarta.transaction-api-2.0.1.jar;C:\Users\nguye\.m2\repository\org\jboss\logging\jboss-logging\3.6.1.Final\jboss-logging-3.6.1.Final.jar;C:\Users\nguye\.m2\repository\org\hibernate\common\hibernate-commons-annotations\7.0.3.Final\hibernate-commons-annotations-7.0.3.Final.jar;C:\Users\nguye\.m2\repository\io\smallrye\jandex\3.2.0\jandex-3.2.0.jar;C:\Users\nguye\.m2\repository\com\fasterxml\classmate\1.7.0\classmate-1.7.0.jar;C:\Users\nguye\.m2\repository\net\bytebuddy\byte-buddy\1.15.11\byte-buddy-1.15.11.jar;C:\Users\nguye\.m2\repository\org\glassfish\jaxb\jaxb-runtime\4.0.5\jaxb-runtime-4.0.5.jar;C:\Users\nguye\.m2\repository\org\glassfish\jaxb\jaxb-core\4.0.5\jaxb-core-4.0.5.jar;C:\Users\nguye\.m2\repository\org\eclipse\angus\angus-activation\2.0.2\angus-activation-2.0.2.jar;C:\Users\nguye\.m2\repository\org\glassfish\jaxb\txw2\4.0.5\txw2-4.0.5.jar;C:\Users\nguye\.m2\repository\com\sun\istack\istack-commons-runtime\4.1.2\istack-commons-runtime-4.1.2.jar;C:\Users\nguye\.m2\repository\jakarta\inject\jakarta.inject-api\2.0.1\jakarta.inject-api-2.0.1.jar;C:\Users\nguye\.m2\repository\org\antlr\antlr4-runtime\4.13.0\antlr4-runtime-4.13.0.jar;C:\Users\nguye\.m2\repository\org\springframework\data\spring-data-jpa\3.4.1\spring-data-jpa-3.4.1.jar;C:\Users\nguye\.m2\repository\org\springframework\data\spring-data-commons\3.4.1\spring-data-commons-3.4.1.jar;C:\Users\nguye\.m2\repository\org\springframework\spring-orm\6.2.1\spring-orm-6.2.1.jar;C:\Users\nguye\.m2\repository\org\springframework\spring-tx\6.2.1\spring-tx-6.2.1.jar;C:\Users\nguye\.m2\repository\org\slf4j\slf4j-api\2.0.16\slf4j-api-2.0.16.jar;C:\Users\nguye\.m2\repository\org\springframework\spring-aspects\6.2.1\spring-aspects-6.2.1.jar;C:\Users\nguye\.m2\repository\org\aspectj\aspectjweaver\1.9.22.1\aspectjweaver-1.9.22.1.jar;C:\Users\nguye\.m2\repository\com\mysql\mysql-connector-j\9.1.0\mysql-connector-j-9.1.0.jar;C:\Users\nguye\.m2\repository\org\projectlombok\lombok\1.18.36\lombok-1.18.36.jar;C:\Users\nguye\.m2\repository\org\springframework\boot\spring-boot-starter-test\3.4.1\spring-boot-starter-test-3.4.1.jar;C:\Users\nguye\.m2\repository\org\springframework\boot\spring-boot-test\3.4.1\spring-boot-test-3.4.1.jar;C:\Users\nguye\.m2\repository\org\springframework\boot\spring-boot-test-autoconfigure\3.4.1\spring-boot-test-autoconfigure-3.4.1.jar;C:\Users\nguye\.m2\repository\com\jayway\jsonpath\json-path\2.9.0\json-path-2.9.0.jar;C:\Users\nguye\.m2\repository\jakarta\xml\bind\jakarta.xml.bind-api\4.0.2\jakarta.xml.bind-api-4.0.2.jar;C:\Users\nguye\.m2\repository\jakarta\activation\jakarta.activation-api\2.1.3\jakarta.activation-api-2.1.3.jar;C:\Users\nguye\.m2\repository\net\minidev\json-smart\2.5.1\json-smart-2.5.1.jar;C:\Users\nguye\.m2\repository\net\minidev\accessors-smart\2.5.1\accessors-smart-2.5.1.jar;C:\Users\nguye\.m2\repository\org\ow2\asm\asm\9.6\asm-9.6.jar;C:\Users\nguye\.m2\repository\org\assertj\assertj-core\3.26.3\assertj-core-3.26.3.jar;C:\Users\nguye\.m2\repository\org\awaitility\awaitility\4.2.2\awaitility-4.2.2.jar;C:\Users\nguye\.m2\repository\org\hamcrest\hamcrest\2.2\hamcrest-2.2.jar;C:\Users\nguye\.m2\repository\org\junit\jupiter\junit-jupiter\5.11.4\junit-jupiter-5.11.4.jar;C:\Users\nguye\.m2\repository\org\junit\jupiter\junit-jupiter-api\5.11.4\junit-jupiter-api-5.11.4.jar;C:\Users\nguye\.m2\repository\org\opentest4j\opentest4j\1.3.0\opentest4j-1.3.0.jar;C:\Users\nguye\.m2\repository\org\junit\platform\junit-platform-commons\1.11.4\junit-platform-commons-1.11.4.jar;C:\Users\nguye\.m2\repository\org\apiguardian\apiguardian-api\1.1.2\apiguardian-api-1.1.2.jar;C:\Users\nguye\.m2\repository\org\junit\jupiter\junit-jupiter-params\5.11.4\junit-jupiter-params-5.11.4.jar;C:\Users\nguye\.m2\repository\org\junit\jupiter\junit-jupiter-engine\5.11.4\junit-jupiter-engine-5.11.4.jar;C:\Users\nguye\.m2\repository\org\junit\platform\junit-platform-engine\1.11.4\junit-platform-engine-1.11.4.jar;C:\Users\nguye\.m2\repository\org\mockito\mockito-core\5.14.2\mockito-core-5.14.2.jar;C:\Users\nguye\.m2\repository\net\bytebuddy\byte-buddy-agent\1.15.11\byte-buddy-agent-1.15.11.jar;C:\Users\nguye\.m2\repository\org\objenesis\objenesis\3.3\objenesis-3.3.jar;C:\Users\nguye\.m2\repository\org\mockito\mockito-junit-jupiter\5.14.2\mockito-junit-jupiter-5.14.2.jar;C:\Users\nguye\.m2\repository\org\skyscreamer\jsonassert\1.5.3\jsonassert-1.5.3.jar;C:\Users\nguye\.m2\repository\com\vaadin\external\google\android-json\0.0.20131108.vaadin1\android-json-0.0.20131108.vaadin1.jar;C:\Users\nguye\.m2\repository\org\springframework\spring-core\6.2.1\spring-core-6.2.1.jar;C:\Users\nguye\.m2\repository\org\springframework\spring-jcl\6.2.1\spring-jcl-6.2.1.jar;C:\Users\nguye\.m2\repository\org\springframework\spring-test\6.2.1\spring-test-6.2.1.jar;C:\Users\nguye\.m2\repository\org\xmlunit\xmlunit-core\2.10.0\xmlunit-core-2.10.0.jar;C:\Users\nguye\.m2\repository\org\springframework\boot\spring-boot-starter-validation\3.4.1\spring-boot-starter-validation-3.4.1.jar;C:\Users\nguye\.m2\repository\org\apache\tomcat\embed\tomcat-embed-el\10.1.34\tomcat-embed-el-10.1.34.jar;C:\Users\nguye\.m2\repository\org\hibernate\validator\hibernate-validator\8.0.2.Final\hibernate-validator-8.0.2.Final.jar;C:\Users\nguye\.m2\repository\jakarta\validation\jakarta.validation-api\3.0.2\jakarta.validation-api-3.0.2.jar;C:\Users\nguye\.m2\repository\com\atomikos\transactions-jta\5.0.9\transactions-jta-5.0.9.jar;C:\Users\nguye\.m2\repository\com\atomikos\transactions-api\5.0.9\transactions-api-5.0.9.jar;C:\Users\nguye\.m2\repository\com\atomikos\transactions\5.0.9\transactions-5.0.9.jar;C:\Users\nguye\.m2\repository\com\atomikos\atomikos-util\5.0.9\atomikos-util-5.0.9.jar;C:\Users\nguye\.m2\repository\com\atomikos\transactions-jdbc\5.0.9\transactions-jdbc-5.0.9.jar;C:\Users\nguye\.m2\repository\com\fasterxml\jackson\datatype\jackson-datatype-hibernate5\2.15.2\jackson-datatype-hibernate5-2.15.2.jar;C:\Users\nguye\.m2\repository\javax\transaction\javax.transaction-api\1.3\javax.transaction-api-1.3.jar;C:\Users\nguye\.m2\repository\com\fasterxml\jackson\core\jackson-core\2.18.2\jackson-core-2.18.2.jar;C:\Users\nguye\.m2\repository\com\fasterxml\jackson\core\jackson-databind\2.18.2\jackson-databind-2.18.2.jar;C:\Users\nguye\.m2\repository\com\fasterxml\jackson\core\jackson-annotations\2.18.2\jackson-annotations-2.18.2.jar;C:\Users\nguye\.m2\repository\org\springdoc\springdoc-openapi-starter-webmvc-ui\2.8.1\springdoc-openapi-starter-webmvc-ui-2.8.1.jar;C:\Users\nguye\.m2\repository\org\springdoc\springdoc-openapi-starter-webmvc-api\2.8.1\springdoc-openapi-starter-webmvc-api-2.8.1.jar;C:\Users\nguye\.m2\repository\org\springdoc\springdoc-openapi-starter-common\2.8.1\springdoc-openapi-starter-common-2.8.1.jar;C:\Users\nguye\.m2\repository\io\swagger\core\v3\swagger-core-jakarta\2.2.27\swagger-core-jakarta-2.2.27.jar;C:\Users\nguye\.m2\repository\io\swagger\core\v3\swagger-annotations-jakarta\2.2.27\swagger-annotations-jakarta-2.2.27.jar;C:\Users\nguye\.m2\repository\io\swagger\core\v3\swagger-models-jakarta\2.2.27\swagger-models-jakarta-2.2.27.jar;C:\Users\nguye\.m2\repository\com\fasterxml\jackson\dataformat\jackson-dataformat-yaml\2.18.2\jackson-dataformat-yaml-2.18.2.jar;C:\Users\nguye\.m2\repository\org\webjars\swagger-ui\5.18.2\swagger-ui-5.18.2.jar;C:\Users\nguye\.m2\repository\org\webjars\webjars-locator-lite\1.0.1\webjars-locator-lite-1.0.1.jar;C:\Users\nguye\.m2\repository\org\jspecify\jspecify\1.0.0\jspecify-1.0.0.jar;C:\Users\nguye\.m2\repository\org\apache\commons\commons-lang3\3.13.0\commons-lang3-3.13.0.jar;"/>
    <property name="java.vm.vendor" value="Oracle Corporation"/>
    <property name="sun.arch.data.model" value="64"/>
    <property name="user.variant" value=""/>
    <property name="java.vendor.url" value="https://java.oracle.com/"/>
    <property name="user.timezone" value="Asia/Saigon"/>
    <property name="org.jboss.logging.provider" value="slf4j"/>
    <property name="os.name" value="Windows 11"/>
    <property name="java.vm.specification.version" value="21"/>
    <property name="sun.java.launcher" value="SUN_STANDARD"/>
    <property name="user.country" value="US"/>
    <property name="sun.boot.library.path" value="C:\Program Files\Java\jdk-21\bin"/>
    <property name="sun.java.command" value="C:\Users\nguye\AppData\Local\Temp\surefire11248852862716402551\surefirebooter-20250123024253037_3.jar C:\Users\nguye\AppData\Local\Temp\surefire11248852862716402551 2025-01-23T02-42-52_911-jvmRun1 surefire-20250123024253037_1tmp surefire_0-20250123024253037_2tmp"/>
    <property name="jdk.debug" value="release"/>
    <property name="surefire.test.class.path" value="C:\Users\nguye\Documents\FPT\SWP391_Project\BackEnd\target\test-classes;C:\Users\nguye\Documents\FPT\SWP391_Project\BackEnd\target\classes;C:\Users\nguye\.m2\repository\org\springframework\boot\spring-boot-starter-web\3.4.1\spring-boot-starter-web-3.4.1.jar;C:\Users\nguye\.m2\repository\org\springframework\boot\spring-boot-starter\3.4.1\spring-boot-starter-3.4.1.jar;C:\Users\nguye\.m2\repository\org\springframework\boot\spring-boot\3.4.1\spring-boot-3.4.1.jar;C:\Users\nguye\.m2\repository\org\springframework\boot\spring-boot-autoconfigure\3.4.1\spring-boot-autoconfigure-3.4.1.jar;C:\Users\nguye\.m2\repository\org\springframework\boot\spring-boot-starter-logging\3.4.1\spring-boot-starter-logging-3.4.1.jar;C:\Users\nguye\.m2\repository\ch\qos\logback\logback-classic\1.5.12\logback-classic-1.5.12.jar;C:\Users\nguye\.m2\repository\ch\qos\logback\logback-core\1.5.12\logback-core-1.5.12.jar;C:\Users\nguye\.m2\repository\org\apache\logging\log4j\log4j-to-slf4j\2.24.3\log4j-to-slf4j-2.24.3.jar;C:\Users\nguye\.m2\repository\org\apache\logging\log4j\log4j-api\2.24.3\log4j-api-2.24.3.jar;C:\Users\nguye\.m2\repository\org\slf4j\jul-to-slf4j\2.0.16\jul-to-slf4j-2.0.16.jar;C:\Users\nguye\.m2\repository\jakarta\annotation\jakarta.annotation-api\2.1.1\jakarta.annotation-api-2.1.1.jar;C:\Users\nguye\.m2\repository\org\yaml\snakeyaml\2.3\snakeyaml-2.3.jar;C:\Users\nguye\.m2\repository\org\springframework\boot\spring-boot-starter-json\3.4.1\spring-boot-starter-json-3.4.1.jar;C:\Users\nguye\.m2\repository\com\fasterxml\jackson\datatype\jackson-datatype-jdk8\2.18.2\jackson-datatype-jdk8-2.18.2.jar;C:\Users\nguye\.m2\repository\com\fasterxml\jackson\datatype\jackson-datatype-jsr310\2.18.2\jackson-datatype-jsr310-2.18.2.jar;C:\Users\nguye\.m2\repository\com\fasterxml\jackson\module\jackson-module-parameter-names\2.18.2\jackson-module-parameter-names-2.18.2.jar;C:\Users\nguye\.m2\repository\org\springframework\boot\spring-boot-starter-tomcat\3.4.1\spring-boot-starter-tomcat-3.4.1.jar;C:\Users\nguye\.m2\repository\org\apache\tomcat\embed\tomcat-embed-core\10.1.34\tomcat-embed-core-10.1.34.jar;C:\Users\nguye\.m2\repository\org\apache\tomcat\embed\tomcat-embed-websocket\10.1.34\tomcat-embed-websocket-10.1.34.jar;C:\Users\nguye\.m2\repository\org\springframework\spring-web\6.2.1\spring-web-6.2.1.jar;C:\Users\nguye\.m2\repository\org\springframework\spring-beans\6.2.1\spring-beans-6.2.1.jar;C:\Users\nguye\.m2\repository\io\micrometer\micrometer-observation\1.14.2\micrometer-observation-1.14.2.jar;C:\Users\nguye\.m2\repository\io\micrometer\micrometer-commons\1.14.2\micrometer-commons-1.14.2.jar;C:\Users\nguye\.m2\repository\org\springframework\spring-webmvc\6.2.1\spring-webmvc-6.2.1.jar;C:\Users\nguye\.m2\repository\org\springframework\spring-aop\6.2.1\spring-aop-6.2.1.jar;C:\Users\nguye\.m2\repository\org\springframework\spring-context\6.2.1\spring-context-6.2.1.jar;C:\Users\nguye\.m2\repository\org\springframework\spring-expression\6.2.1\spring-expression-6.2.1.jar;C:\Users\nguye\.m2\repository\org\springframework\boot\spring-boot-starter-data-jpa\3.4.1\spring-boot-starter-data-jpa-3.4.1.jar;C:\Users\nguye\.m2\repository\org\springframework\boot\spring-boot-starter-jdbc\3.4.1\spring-boot-starter-jdbc-3.4.1.jar;C:\Users\nguye\.m2\repository\com\zaxxer\HikariCP\5.1.0\HikariCP-5.1.0.jar;C:\Users\nguye\.m2\repository\org\springframework\spring-jdbc\6.2.1\spring-jdbc-6.2.1.jar;C:\Users\nguye\.m2\repository\org\hibernate\orm\hibernate-core\6.6.4.Final\hibernate-core-6.6.4.Final.jar;C:\Users\nguye\.m2\repository\jakarta\persistence\jakarta.persistence-api\3.1.0\jakarta.persistence-api-3.1.0.jar;C:\Users\nguye\.m2\repository\jakarta\transaction\jakarta.transaction-api\2.0.1\jakarta.transaction-api-2.0.1.jar;C:\Users\nguye\.m2\repository\org\jboss\logging\jboss-logging\3.6.1.Final\jboss-logging-3.6.1.Final.jar;C:\Users\nguye\.m2\repository\org\hibernate\common\hibernate-commons-annotations\7.0.3.Final\hibernate-commons-annotations-7.0.3.Final.jar;C:\Users\nguye\.m2\repository\io\smallrye\jandex\3.2.0\jandex-3.2.0.jar;C:\Users\nguye\.m2\repository\com\fasterxml\classmate\1.7.0\classmate-1.7.0.jar;C:\Users\nguye\.m2\repository\net\bytebuddy\byte-buddy\1.15.11\byte-buddy-1.15.11.jar;C:\Users\nguye\.m2\repository\org\glassfish\jaxb\jaxb-runtime\4.0.5\jaxb-runtime-4.0.5.jar;C:\Users\nguye\.m2\repository\org\glassfish\jaxb\jaxb-core\4.0.5\jaxb-core-4.0.5.jar;C:\Users\nguye\.m2\repository\org\eclipse\angus\angus-activation\2.0.2\angus-activation-2.0.2.jar;C:\Users\nguye\.m2\repository\org\glassfish\jaxb\txw2\4.0.5\txw2-4.0.5.jar;C:\Users\nguye\.m2\repository\com\sun\istack\istack-commons-runtime\4.1.2\istack-commons-runtime-4.1.2.jar;C:\Users\nguye\.m2\repository\jakarta\inject\jakarta.inject-api\2.0.1\jakarta.inject-api-2.0.1.jar;C:\Users\nguye\.m2\repository\org\antlr\antlr4-runtime\4.13.0\antlr4-runtime-4.13.0.jar;C:\Users\nguye\.m2\repository\org\springframework\data\spring-data-jpa\3.4.1\spring-data-jpa-3.4.1.jar;C:\Users\nguye\.m2\repository\org\springframework\data\spring-data-commons\3.4.1\spring-data-commons-3.4.1.jar;C:\Users\nguye\.m2\repository\org\springframework\spring-orm\6.2.1\spring-orm-6.2.1.jar;C:\Users\nguye\.m2\repository\org\springframework\spring-tx\6.2.1\spring-tx-6.2.1.jar;C:\Users\nguye\.m2\repository\org\slf4j\slf4j-api\2.0.16\slf4j-api-2.0.16.jar;C:\Users\nguye\.m2\repository\org\springframework\spring-aspects\6.2.1\spring-aspects-6.2.1.jar;C:\Users\nguye\.m2\repository\org\aspectj\aspectjweaver\1.9.22.1\aspectjweaver-1.9.22.1.jar;C:\Users\nguye\.m2\repository\com\mysql\mysql-connector-j\9.1.0\mysql-connector-j-9.1.0.jar;C:\Users\nguye\.m2\repository\org\projectlombok\lombok\1.18.36\lombok-1.18.36.jar;C:\Users\nguye\.m2\repository\org\springframework\boot\spring-boot-starter-test\3.4.1\spring-boot-starter-test-3.4.1.jar;C:\Users\nguye\.m2\repository\org\springframework\boot\spring-boot-test\3.4.1\spring-boot-test-3.4.1.jar;C:\Users\nguye\.m2\repository\org\springframework\boot\spring-boot-test-autoconfigure\3.4.1\spring-boot-test-autoconfigure-3.4.1.jar;C:\Users\nguye\.m2\repository\com\jayway\jsonpath\json-path\2.9.0\json-path-2.9.0.jar;C:\Users\nguye\.m2\repository\jakarta\xml\bind\jakarta.xml.bind-api\4.0.2\jakarta.xml.bind-api-4.0.2.jar;C:\Users\nguye\.m2\repository\jakarta\activation\jakarta.activation-api\2.1.3\jakarta.activation-api-2.1.3.jar;C:\Users\nguye\.m2\repository\net\minidev\json-smart\2.5.1\json-smart-2.5.1.jar;C:\Users\nguye\.m2\repository\net\minidev\accessors-smart\2.5.1\accessors-smart-2.5.1.jar;C:\Users\nguye\.m2\repository\org\ow2\asm\asm\9.6\asm-9.6.jar;C:\Users\nguye\.m2\repository\org\assertj\assertj-core\3.26.3\assertj-core-3.26.3.jar;C:\Users\nguye\.m2\repository\org\awaitility\awaitility\4.2.2\awaitility-4.2.2.jar;C:\Users\nguye\.m2\repository\org\hamcrest\hamcrest\2.2\hamcrest-2.2.jar;C:\Users\nguye\.m2\repository\org\junit\jupiter\junit-jupiter\5.11.4\junit-jupiter-5.11.4.jar;C:\Users\nguye\.m2\repository\org\junit\jupiter\junit-jupiter-api\5.11.4\junit-jupiter-api-5.11.4.jar;C:\Users\nguye\.m2\repository\org\opentest4j\opentest4j\1.3.0\opentest4j-1.3.0.jar;C:\Users\nguye\.m2\repository\org\junit\platform\junit-platform-commons\1.11.4\junit-platform-commons-1.11.4.jar;C:\Users\nguye\.m2\repository\org\apiguardian\apiguardian-api\1.1.2\apiguardian-api-1.1.2.jar;C:\Users\nguye\.m2\repository\org\junit\jupiter\junit-jupiter-params\5.11.4\junit-jupiter-params-5.11.4.jar;C:\Users\nguye\.m2\repository\org\junit\jupiter\junit-jupiter-engine\5.11.4\junit-jupiter-engine-5.11.4.jar;C:\Users\nguye\.m2\repository\org\junit\platform\junit-platform-engine\1.11.4\junit-platform-engine-1.11.4.jar;C:\Users\nguye\.m2\repository\org\mockito\mockito-core\5.14.2\mockito-core-5.14.2.jar;C:\Users\nguye\.m2\repository\net\bytebuddy\byte-buddy-agent\1.15.11\byte-buddy-agent-1.15.11.jar;C:\Users\nguye\.m2\repository\org\objenesis\objenesis\3.3\objenesis-3.3.jar;C:\Users\nguye\.m2\repository\org\mockito\mockito-junit-jupiter\5.14.2\mockito-junit-jupiter-5.14.2.jar;C:\Users\nguye\.m2\repository\org\skyscreamer\jsonassert\1.5.3\jsonassert-1.5.3.jar;C:\Users\nguye\.m2\repository\com\vaadin\external\google\android-json\0.0.20131108.vaadin1\android-json-0.0.20131108.vaadin1.jar;C:\Users\nguye\.m2\repository\org\springframework\spring-core\6.2.1\spring-core-6.2.1.jar;C:\Users\nguye\.m2\repository\org\springframework\spring-jcl\6.2.1\spring-jcl-6.2.1.jar;C:\Users\nguye\.m2\repository\org\springframework\spring-test\6.2.1\spring-test-6.2.1.jar;C:\Users\nguye\.m2\repository\org\xmlunit\xmlunit-core\2.10.0\xmlunit-core-2.10.0.jar;C:\Users\nguye\.m2\repository\org\springframework\boot\spring-boot-starter-validation\3.4.1\spring-boot-starter-validation-3.4.1.jar;C:\Users\nguye\.m2\repository\org\apache\tomcat\embed\tomcat-embed-el\10.1.34\tomcat-embed-el-10.1.34.jar;C:\Users\nguye\.m2\repository\org\hibernate\validator\hibernate-validator\8.0.2.Final\hibernate-validator-8.0.2.Final.jar;C:\Users\nguye\.m2\repository\jakarta\validation\jakarta.validation-api\3.0.2\jakarta.validation-api-3.0.2.jar;C:\Users\nguye\.m2\repository\com\atomikos\transactions-jta\5.0.9\transactions-jta-5.0.9.jar;C:\Users\nguye\.m2\repository\com\atomikos\transactions-api\5.0.9\transactions-api-5.0.9.jar;C:\Users\nguye\.m2\repository\com\atomikos\transactions\5.0.9\transactions-5.0.9.jar;C:\Users\nguye\.m2\repository\com\atomikos\atomikos-util\5.0.9\atomikos-util-5.0.9.jar;C:\Users\nguye\.m2\repository\com\atomikos\transactions-jdbc\5.0.9\transactions-jdbc-5.0.9.jar;C:\Users\nguye\.m2\repository\com\fasterxml\jackson\datatype\jackson-datatype-hibernate5\2.15.2\jackson-datatype-hibernate5-2.15.2.jar;C:\Users\nguye\.m2\repository\javax\transaction\javax.transaction-api\1.3\javax.transaction-api-1.3.jar;C:\Users\nguye\.m2\repository\com\fasterxml\jackson\core\jackson-core\2.18.2\jackson-core-2.18.2.jar;C:\Users\nguye\.m2\repository\com\fasterxml\jackson\core\jackson-databind\2.18.2\jackson-databind-2.18.2.jar;C:\Users\nguye\.m2\repository\com\fasterxml\jackson\core\jackson-annotations\2.18.2\jackson-annotations-2.18.2.jar;C:\Users\nguye\.m2\repository\org\springdoc\springdoc-openapi-starter-webmvc-ui\2.8.1\springdoc-openapi-starter-webmvc-ui-2.8.1.jar;C:\Users\nguye\.m2\repository\org\springdoc\springdoc-openapi-starter-webmvc-api\2.8.1\springdoc-openapi-starter-webmvc-api-2.8.1.jar;C:\Users\nguye\.m2\repository\org\springdoc\springdoc-openapi-starter-common\2.8.1\springdoc-openapi-starter-common-2.8.1.jar;C:\Users\nguye\.m2\repository\io\swagger\core\v3\swagger-core-jakarta\2.2.27\swagger-core-jakarta-2.2.27.jar;C:\Users\nguye\.m2\repository\io\swagger\core\v3\swagger-annotations-jakarta\2.2.27\swagger-annotations-jakarta-2.2.27.jar;C:\Users\nguye\.m2\repository\io\swagger\core\v3\swagger-models-jakarta\2.2.27\swagger-models-jakarta-2.2.27.jar;C:\Users\nguye\.m2\repository\com\fasterxml\jackson\dataformat\jackson-dataformat-yaml\2.18.2\jackson-dataformat-yaml-2.18.2.jar;C:\Users\nguye\.m2\repository\org\webjars\swagger-ui\5.18.2\swagger-ui-5.18.2.jar;C:\Users\nguye\.m2\repository\org\webjars\webjars-locator-lite\1.0.1\webjars-locator-lite-1.0.1.jar;C:\Users\nguye\.m2\repository\org\jspecify\jspecify\1.0.0\jspecify-1.0.0.jar;C:\Users\nguye\.m2\repository\org\apache\commons\commons-lang3\3.13.0\commons-lang3-3.13.0.jar;"/>
    <property name="sun.cpu.endian" value="little"/>
    <property name="user.home" value="C:\Users\nguye"/>
    <property name="user.language" value="en"/>
    <property name="java.specification.vendor" value="Oracle Corporation"/>
    <property name="java.version.date" value="2024-10-15"/>
    <property name="java.home" value="C:\Program Files\Java\jdk-21"/>
    <property name="file.separator" value="\"/>
    <property name="basedir" value="C:\Users\nguye\Documents\FPT\SWP391_Project\BackEnd"/>
    <property name="java.vm.compressedOopsMode" value="Zero based"/>
    <property name="line.separator" value="&#10;"/>
    <property name="java.vm.specification.vendor" value="Oracle Corporation"/>
    <property name="java.specification.name" value="Java Platform API Specification"/>
    <property name="FILE_LOG_CHARSET" value="UTF-8"/>
    <property name="java.awt.headless" value="true"/>
    <property name="surefire.real.class.path" value="C:\Users\nguye\AppData\Local\Temp\surefire11248852862716402551\surefirebooter-20250123024253037_3.jar"/>
    <property name="user.script" value=""/>
    <property name="sun.management.compiler" value="HotSpot 64-Bit Tiered Compilers"/>
    <property name="java.runtime.version" value="21.0.5+9-LTS-239"/>
    <property name="user.name" value="nguye"/>
    <property name="stdout.encoding" value="Cp1252"/>
    <property name="path.separator" value=";"/>
    <property name="os.version" value="10.0"/>
    <property name="java.runtime.name" value="Java(TM) SE Runtime Environment"/>
    <property name="file.encoding" value="UTF-8"/>
    <property name="java.vm.name" value="Java HotSpot(TM) 64-Bit Server VM"/>
    <property name="localRepository" value="C:\Users\nguye\.m2\repository"/>
    <property name="java.vendor.url.bug" value="https://bugreport.java.com/bugreport/"/>
    <property name="java.io.tmpdir" value="C:\Users\nguye\AppData\Local\Temp\"/>
    <property name="com.zaxxer.hikari.pool_number" value="1"/>
    <property name="java.version" value="21.0.5"/>
    <property name="user.dir" value="C:\Users\nguye\Documents\FPT\SWP391_Project\BackEnd"/>
    <property name="os.arch" value="amd64"/>
    <property name="java.vm.specification.name" value="Java Virtual Machine Specification"/>
    <property name="PID" value="10040"/>
    <property name="sun.os.patch.level" value=""/>
    <property name="CONSOLE_LOG_CHARSET" value="UTF-8"/>
    <property name="native.encoding" value="Cp1252"/>
    <property name="java.library.path" value="C:\Program Files\Java\jdk-21\bin;C:\WINDOWS\Sun\Java\bin;C:\WINDOWS\system32;C:\WINDOWS;c:\Users\nguye\AppData\Local\Programs\cursor\resources\app\bin;C:\Program Files\Common Files\Oracle\Java\javapath;C:\Program Files (x86)\Common Files\Oracle\Java\javapath;C:\WINDOWS\system32;C:\WINDOWS;C:\WINDOWS\System32\Wbem;C:\WINDOWS\System32\WindowsPowerShell\v1.0\;C:\WINDOWS\System32\OpenSSH\;C:\Program Files\Git\cmd;C:\Program Files\dotnet\;C:\Program Files\Microsoft SQL Server\150\Tools\Binn\;C:\Program Files\Microsoft SQL Server\Client SDK\ODBC\170\Tools\Binn\;C:\Program Files (x86)\Microsoft SQL Server\160\Tools\Binn\;C:\Program Files\Microsoft SQL Server\160\Tools\Binn\;C:\Program Files\Microsoft SQL Server\160\DTS\Binn\;C:\Users\nguye\AppData\Local\Microsoft\WindowsApps;C:\Users\nguye\.dotnet\tools;c:\Users\nguye\AppData\Local\Programs\cursor\resources\app\bin;c:\Users\nguye\AppData\Local\Programs\cursor\resources\app\bin;C:\Program Files\Docker\Docker\resources\bin;C:\Users\nguye\AppData\Local\Microsoft\WindowsApps;C:\Users\nguye\AppData\Local\Programs\Microsoft VS Code\bin;C:\Users\nguye\.dotnet\tools;C:\Program Files\JetBrains\IntelliJ IDEA Community Edition 2024.3.1.1\bin;;C:\Users\nguye\.m2\wrapper\dists\apache-maven-3.9.9-bin\4nf9hui3q3djbarqar9g711ggc\apache-maven-3.9.9\bin;;."/>
    <property name="java.vm.info" value="mixed mode, sharing"/>
    <property name="stderr.encoding" value="Cp1252"/>
    <property name="java.vendor" value="Oracle Corporation"/>
    <property name="java.vm.version" value="21.0.5+9-LTS-239"/>
    <property name="sun.io.unicode.encoding" value="UnicodeLittle"/>
    <property name="java.class.version" value="65.0"/>
  </properties>
  <testcase name="contextLoads" classname="com.healthy.BackEnd.BackEndApplicationTests" time="0.134">
    <system-out><![CDATA[02:42:53.705 [main] INFO org.springframework.test.context.support.AnnotationConfigContextLoaderUtils -- Could not detect default configuration classes for test class [com.healthy.BackEnd.BackEndApplicationTests]: BackEndApplicationTests does not declare any static, non-private, non-final, nested classes annotated with @Configuration.
02:42:53.786 [main] INFO org.springframework.boot.test.context.SpringBootTestContextBootstrapper -- Found @SpringBootConfiguration com.healthy.BackEnd.BackEndApplication for test class com.healthy.BackEnd.BackEndApplicationTests

  .   ____          _            __ _ _
 /\\ / ___'_ __ _ _(_)_ __  __ _ \ \ \ \
( ( )\___ | '_ | '_| | '_ \/ _` | \ \ \ \
 \\/  ___)| |_)| | | | | || (_| |  ) ) ) )
  '  |____| .__|_| |_|_| |_\__, | / / / /
 =========|_|==============|___/=/_/_/_/

 :: Spring Boot ::                (v3.4.1)

2025-01-23T02:42:54.134+07:00  INFO 10040 --- [           main] c.h.BackEnd.BackEndApplicationTests      : Starting BackEndApplicationTests using Java 21.0.5 with PID 10040 (started by nguye in C:\Users\nguye\Documents\FPT\SWP391_Project\BackEnd)
2025-01-23T02:42:54.135+07:00  INFO 10040 --- [           main] c.h.BackEnd.BackEndApplicationTests      : No active profile set, falling back to 1 default profile: "default"
2025-01-23T02:42:54.940+07:00  INFO 10040 --- [           main] .s.d.r.c.RepositoryConfigurationDelegate : Bootstrapping Spring Data JPA repositories in DEFAULT mode.
2025-01-23T02:42:55.024+07:00  INFO 10040 --- [           main] .s.d.r.c.RepositoryConfigurationDelegate : Finished Spring Data repository scanning in 73 ms. Found 20 JPA repository interfaces.
2025-01-23T02:42:55.598+07:00  INFO 10040 --- [           main] o.hibernate.jpa.internal.util.LogHelper  : HHH000204: Processing PersistenceUnitInfo [name: default]
2025-01-23T02:42:55.671+07:00  INFO 10040 --- [           main] org.hibernate.Version                    : HHH000412: Hibernate ORM core version 6.6.4.Final
2025-01-23T02:42:55.726+07:00  INFO 10040 --- [           main] o.h.c.internal.RegionFactoryInitiator    : HHH000026: Second-level cache disabled
2025-01-23T02:42:56.063+07:00  INFO 10040 --- [           main] o.s.o.j.p.SpringPersistenceUnitInfo      : No LoadTimeWeaver setup: ignoring JPA class transformer
2025-01-23T02:42:56.086+07:00  INFO 10040 --- [           main] com.zaxxer.hikari.HikariDataSource       : HikariPool-1 - Starting...
2025-01-23T02:42:56.325+07:00  INFO 10040 --- [           main] com.zaxxer.hikari.pool.HikariPool        : HikariPool-1 - Added connection com.mysql.cj.jdbc.ConnectionImpl@246df37b
2025-01-23T02:42:56.326+07:00  INFO 10040 --- [           main] com.zaxxer.hikari.HikariDataSource       : HikariPool-1 - Start completed.
2025-01-23T02:42:56.390+07:00  INFO 10040 --- [           main] org.hibernate.orm.connections.pooling    : HHH10001005: Database info:
	Database JDBC URL [Connecting through datasource 'HikariDataSource (HikariPool-1)']
	Database driver: undefined/unknown
	Database version: 8.4.3
	Autocommit mode: undefined/unknown
	Isolation level: undefined/unknown
	Minimum pool size: undefined/unknown
	Maximum pool size: undefined/unknown
2025-01-23T02:42:57.352+07:00  INFO 10040 --- [           main] o.h.e.t.j.p.i.JtaPlatformInitiator       : HHH000489: No JTA platform available (set 'hibernate.transaction.jta.platform' to enable JTA platform integration)
2025-01-23T02:42:57.596+07:00  INFO 10040 --- [           main] j.LocalContainerEntityManagerFactoryBean : Initialized JPA EntityManagerFactory for persistence unit 'default'
2025-01-23T02:42:58.652+07:00  INFO 10040 --- [           main] o.s.b.a.w.s.WelcomePageHandlerMapping    : Adding welcome page: class path resource [static/index.html]
2025-01-23T02:42:59.107+07:00  INFO 10040 --- [           main] c.h.BackEnd.BackEndApplicationTests      : Started BackEndApplicationTests in 5.196 seconds (process running for 5.978)
2025-01-23T02:42:59.275+07:00  WARN 10040 --- [           main] o.h.p.entity.AbstractEntityPersister     : HHH000502: The [user] property of the [com.healthy.BackEnd.entity.Students] entity was modified, but it won't be updated because the property is immutable.
2025-01-23T02:42:59.280+07:00  WARN 10040 --- [           main] o.h.p.entity.AbstractEntityPersister     : HHH000502: The [user] property of the [com.healthy.BackEnd.entity.Students] entity was modified, but it won't be updated because the property is immutable.
2025-01-23T02:42:59.286+07:00  WARN 10040 --- [           main] o.h.p.entity.AbstractEntityPersister     : HHH000502: The [child] property of the [com.healthy.BackEnd.entity.Parents] entity was modified, but it won't be updated because the property is immutable.
2025-01-23T02:42:59.286+07:00  WARN 10040 --- [           main] o.h.p.entity.AbstractEntityPersister     : HHH000502: The [user] property of the [com.healthy.BackEnd.entity.Parents] entity was modified, but it won't be updated because the property is immutable.
2025-01-23T02:42:59.290+07:00  WARN 10040 --- [           main] o.h.p.entity.AbstractEntityPersister     : HHH000502: The [child] property of the [com.healthy.BackEnd.entity.Parents] entity was modified, but it won't be updated because the property is immutable.
2025-01-23T02:42:59.290+07:00  WARN 10040 --- [           main] o.h.p.entity.AbstractEntityPersister     : HHH000502: The [user] property of the [com.healthy.BackEnd.entity.Parents] entity was modified, but it won't be updated because the property is immutable.
2025-01-23T02:42:59.295+07:00  WARN 10040 --- [           main] o.h.p.entity.AbstractEntityPersister     : HHH000502: The [user] property of the [com.healthy.BackEnd.entity.Psychologists] entity was modified, but it won't be updated because the property is immutable.
2025-01-23T02:42:59.299+07:00  WARN 10040 --- [           main] o.h.p.entity.AbstractEntityPersister     : HHH000502: The [user] property of the [com.healthy.BackEnd.entity.Psychologists] entity was modified, but it won't be updated because the property is immutable.
2025-01-23T02:42:59.307+07:00  WARN 10040 --- [           main] o.h.p.entity.AbstractEntityPersister     : HHH000502: The [psychologist] property of the [com.healthy.BackEnd.entity.TimeSlots] entity was modified, but it won't be updated because the property is immutable.
2025-01-23T02:42:59.321+07:00  WARN 10040 --- [           main] o.h.p.entity.AbstractEntityPersister     : HHH000502: The [psychologist] property of the [com.healthy.BackEnd.entity.TimeSlots] entity was modified, but it won't be updated because the property is immutable.
2025-01-23T02:42:59.334+07:00  WARN 10040 --- [           main] o.h.p.entity.AbstractEntityPersister     : HHH000502: The [psychologist] property of the [com.healthy.BackEnd.entity.TimeSlots] entity was modified, but it won't be updated because the property is immutable.
2025-01-23T02:42:59.346+07:00  WARN 10040 --- [           main] o.h.p.entity.AbstractEntityPersister     : HHH000502: The [psychologist] property of the [com.healthy.BackEnd.entity.TimeSlots] entity was modified, but it won't be updated because the property is immutable.
2025-01-23T02:42:59.359+07:00  WARN 10040 --- [           main] o.h.p.entity.AbstractEntityPersister     : HHH000502: The [psychologist] property of the [com.healthy.BackEnd.entity.TimeSlots] entity was modified, but it won't be updated because the property is immutable.
2025-01-23T02:42:59.371+07:00  WARN 10040 --- [           main] o.h.p.entity.AbstractEntityPersister     : HHH000502: The [psychologist] property of the [com.healthy.BackEnd.entity.TimeSlots] entity was modified, but it won't be updated because the property is immutable.
2025-01-23T02:42:59.382+07:00  WARN 10040 --- [           main] o.h.p.entity.AbstractEntityPersister     : HHH000502: The [psychologist] property of the [com.healthy.BackEnd.entity.TimeSlots] entity was modified, but it won't be updated because the property is immutable.
2025-01-23T02:42:59.397+07:00  WARN 10040 --- [           main] o.h.p.entity.AbstractEntityPersister     : HHH000502: The [psychologist] property of the [com.healthy.BackEnd.entity.TimeSlots] entity was modified, but it won't be updated because the property is immutable.
2025-01-23T02:42:59.407+07:00  WARN 10040 --- [           main] o.h.p.entity.AbstractEntityPersister     : HHH000502: The [psychologist] property of the [com.healthy.BackEnd.entity.TimeSlots] entity was modified, but it won't be updated because the property is immutable.
2025-01-23T02:42:59.419+07:00  WARN 10040 --- [           main] o.h.p.entity.AbstractEntityPersister     : HHH000502: The [psychologist] property of the [com.healthy.BackEnd.entity.TimeSlots] entity was modified, but it won't be updated because the property is immutable.
2025-01-23T02:42:59.430+07:00  WARN 10040 --- [           main] o.h.p.entity.AbstractEntityPersister     : HHH000502: The [psychologist] property of the [com.healthy.BackEnd.entity.TimeSlots] entity was modified, but it won't be updated because the property is immutable.
2025-01-23T02:42:59.443+07:00  WARN 10040 --- [           main] o.h.p.entity.AbstractEntityPersister     : HHH000502: The [psychologist] property of the [com.healthy.BackEnd.entity.TimeSlots] entity was modified, but it won't be updated because the property is immutable.
2025-01-23T02:42:59.456+07:00  WARN 10040 --- [           main] o.h.p.entity.AbstractEntityPersister     : HHH000502: The [managedByStaff] property of the [com.healthy.BackEnd.entity.Programs] entity was modified, but it won't be updated because the property is immutable.
2025-01-23T02:42:59.461+07:00  WARN 10040 --- [           main] o.h.p.entity.AbstractEntityPersister     : HHH000502: The [managedByStaff] property of the [com.healthy.BackEnd.entity.Programs] entity was modified, but it won't be updated because the property is immutable.
2025-01-23T02:42:59.467+07:00  WARN 10040 --- [           main] o.h.p.entity.AbstractEntityPersister     : HHH000502: The [managedByStaff] property of the [com.healthy.BackEnd.entity.Programs] entity was modified, but it won't be updated because the property is immutable.
2025-01-23T02:42:59.472+07:00  WARN 10040 --- [           main] o.h.p.entity.AbstractEntityPersister     : HHH000502: The [program] property of the [com.healthy.BackEnd.entity.ProgramSchedule] entity was modified, but it won't be updated because the property is immutable.
2025-01-23T02:42:59.476+07:00  WARN 10040 --- [           main] o.h.p.entity.AbstractEntityPersister     : HHH000502: The [program] property of the [com.healthy.BackEnd.entity.ProgramSchedule] entity was modified, but it won't be updated because the property is immutable.
2025-01-23T02:42:59.481+07:00  WARN 10040 --- [           main] o.h.p.entity.AbstractEntityPersister     : HHH000502: The [program] property of the [com.healthy.BackEnd.entity.ProgramSchedule] entity was modified, but it won't be updated because the property is immutable.
2025-01-23T02:42:59.486+07:00  WARN 10040 --- [           main] o.h.p.entity.AbstractEntityPersister     : HHH000502: The [program] property of the [com.healthy.BackEnd.entity.ProgramParticipation] entity was modified, but it won't be updated because the property is immutable.
2025-01-23T02:42:59.486+07:00  WARN 10040 --- [           main] o.h.p.entity.AbstractEntityPersister     : HHH000502: The [student] property of the [com.healthy.BackEnd.entity.ProgramParticipation] entity was modified, but it won't be updated because the property is immutable.
2025-01-23T02:42:59.490+07:00  WARN 10040 --- [           main] o.h.p.entity.AbstractEntityPersister     : HHH000502: The [program] property of the [com.healthy.BackEnd.entity.ProgramParticipation] entity was modified, but it won't be updated because the property is immutable.
2025-01-23T02:42:59.490+07:00  WARN 10040 --- [           main] o.h.p.entity.AbstractEntityPersister     : HHH000502: The [student] property of the [com.healthy.BackEnd.entity.ProgramParticipation] entity was modified, but it won't be updated because the property is immutable.
2025-01-23T02:42:59.507+07:00  WARN 10040 --- [           main] o.h.p.entity.AbstractEntityPersister     : HHH000502: The [category] property of the [com.healthy.BackEnd.entity.Surveys] entity was modified, but it won't be updated because the property is immutable.
2025-01-23T02:42:59.507+07:00  WARN 10040 --- [           main] o.h.p.entity.AbstractEntityPersister     : HHH000502: The [creator] property of the [com.healthy.BackEnd.entity.Surveys] entity was modified, but it won't be updated because the property is immutable.
2025-01-23T02:42:59.511+07:00  WARN 10040 --- [           main] o.h.p.entity.AbstractEntityPersister     : HHH000502: The [category] property of the [com.healthy.BackEnd.entity.Surveys] entity was modified, but it won't be updated because the property is immutable.
2025-01-23T02:42:59.511+07:00  WARN 10040 --- [           main] o.h.p.entity.AbstractEntityPersister     : HHH000502: The [creator] property of the [com.healthy.BackEnd.entity.Surveys] entity was modified, but it won't be updated because the property is immutable.
2025-01-23T02:42:59.515+07:00  WARN 10040 --- [           main] o.h.p.entity.AbstractEntityPersister     : HHH000502: The [category] property of the [com.healthy.BackEnd.entity.Surveys] entity was modified, but it won't be updated because the property is immutable.
2025-01-23T02:42:59.515+07:00  WARN 10040 --- [           main] o.h.p.entity.AbstractEntityPersister     : HHH000502: The [creator] property of the [com.healthy.BackEnd.entity.Surveys] entity was modified, but it won't be updated because the property is immutable.
2025-01-23T02:42:59.519+07:00  WARN 10040 --- [           main] o.h.p.entity.AbstractEntityPersister     : HHH000502: The [category] property of the [com.healthy.BackEnd.entity.SurveyQuestions] entity was modified, but it won't be updated because the property is immutable.
2025-01-23T02:42:59.519+07:00  WARN 10040 --- [           main] o.h.p.entity.AbstractEntityPersister     : HHH000502: The [survey] property of the [com.healthy.BackEnd.entity.SurveyQuestions] entity was modified, but it won't be updated because the property is immutable.
2025-01-23T02:42:59.522+07:00  WARN 10040 --- [           main] o.h.p.entity.AbstractEntityPersister     : HHH000502: The [category] property of the [com.healthy.BackEnd.entity.SurveyQuestions] entity was modified, but it won't be updated because the property is immutable.
2025-01-23T02:42:59.522+07:00  WARN 10040 --- [           main] o.h.p.entity.AbstractEntityPersister     : HHH000502: The [survey] property of the [com.healthy.BackEnd.entity.SurveyQuestions] entity was modified, but it won't be updated because the property is immutable.
2025-01-23T02:42:59.529+07:00  WARN 10040 --- [           main] o.h.p.entity.AbstractEntityPersister     : HHH000502: The [category] property of the [com.healthy.BackEnd.entity.SurveyQuestions] entity was modified, but it won't be updated because the property is immutable.
2025-01-23T02:42:59.529+07:00  WARN 10040 --- [           main] o.h.p.entity.AbstractEntityPersister     : HHH000502: The [survey] property of the [com.healthy.BackEnd.entity.SurveyQuestions] entity was modified, but it won't be updated because the property is immutable.
2025-01-23T02:42:59.534+07:00  WARN 10040 --- [           main] o.h.p.entity.AbstractEntityPersister     : HHH000502: The [category] property of the [com.healthy.BackEnd.entity.SurveyQuestions] entity was modified, but it won't be updated because the property is immutable.
2025-01-23T02:42:59.534+07:00  WARN 10040 --- [           main] o.h.p.entity.AbstractEntityPersister     : HHH000502: The [survey] property of the [com.healthy.BackEnd.entity.SurveyQuestions] entity was modified, but it won't be updated because the property is immutable.
2025-01-23T02:42:59.538+07:00  WARN 10040 --- [           main] o.h.p.entity.AbstractEntityPersister     : HHH000502: The [category] property of the [com.healthy.BackEnd.entity.SurveyQuestions] entity was modified, but it won't be updated because the property is immutable.
2025-01-23T02:42:59.538+07:00  WARN 10040 --- [           main] o.h.p.entity.AbstractEntityPersister     : HHH000502: The [survey] property of the [com.healthy.BackEnd.entity.SurveyQuestions] entity was modified, but it won't be updated because the property is immutable.
2025-01-23T02:42:59.543+07:00  WARN 10040 --- [           main] o.h.p.entity.AbstractEntityPersister     : HHH000502: The [category] property of the [com.healthy.BackEnd.entity.SurveyQuestions] entity was modified, but it won't be updated because the property is immutable.
2025-01-23T02:42:59.543+07:00  WARN 10040 --- [           main] o.h.p.entity.AbstractEntityPersister     : HHH000502: The [survey] property of the [com.healthy.BackEnd.entity.SurveyQuestions] entity was modified, but it won't be updated because the property is immutable.
2025-01-23T02:42:59.548+07:00  WARN 10040 --- [           main] o.h.p.entity.AbstractEntityPersister     : HHH000502: The [question] property of the [com.healthy.BackEnd.entity.Answers] entity was modified, but it won't be updated because the property is immutable.
2025-01-23T02:42:59.553+07:00  WARN 10040 --- [           main] o.h.p.entity.AbstractEntityPersister     : HHH000502: The [question] property of the [com.healthy.BackEnd.entity.Answers] entity was modified, but it won't be updated because the property is immutable.
2025-01-23T02:42:59.557+07:00  WARN 10040 --- [           main] o.h.p.entity.AbstractEntityPersister     : HHH000502: The [question] property of the [com.healthy.BackEnd.entity.Answers] entity was modified, but it won't be updated because the property is immutable.
2025-01-23T02:42:59.561+07:00  WARN 10040 --- [           main] o.h.p.entity.AbstractEntityPersister     : HHH000502: The [question] property of the [com.healthy.BackEnd.entity.Answers] entity was modified, but it won't be updated because the property is immutable.
2025-01-23T02:42:59.565+07:00  WARN 10040 --- [           main] o.h.p.entity.AbstractEntityPersister     : HHH000502: The [question] property of the [com.healthy.BackEnd.entity.Answers] entity was modified, but it won't be updated because the property is immutable.
2025-01-23T02:42:59.568+07:00  WARN 10040 --- [           main] o.h.p.entity.AbstractEntityPersister     : HHH000502: The [question] property of the [com.healthy.BackEnd.entity.Answers] entity was modified, but it won't be updated because the property is immutable.
2025-01-23T02:42:59.571+07:00  WARN 10040 --- [           main] o.h.p.entity.AbstractEntityPersister     : HHH000502: The [question] property of the [com.healthy.BackEnd.entity.Answers] entity was modified, but it won't be updated because the property is immutable.
2025-01-23T02:42:59.575+07:00  WARN 10040 --- [           main] o.h.p.entity.AbstractEntityPersister     : HHH000502: The [question] property of the [com.healthy.BackEnd.entity.Answers] entity was modified, but it won't be updated because the property is immutable.
2025-01-23T02:42:59.579+07:00  WARN 10040 --- [           main] o.h.p.entity.AbstractEntityPersister     : HHH000502: The [question] property of the [com.healthy.BackEnd.entity.Answers] entity was modified, but it won't be updated because the property is immutable.
2025-01-23T02:42:59.582+07:00  WARN 10040 --- [           main] o.h.p.entity.AbstractEntityPersister     : HHH000502: The [question] property of the [com.healthy.BackEnd.entity.Answers] entity was modified, but it won't be updated because the property is immutable.
2025-01-23T02:42:59.586+07:00  WARN 10040 --- [           main] o.h.p.entity.AbstractEntityPersister     : HHH000502: The [question] property of the [com.healthy.BackEnd.entity.Answers] entity was modified, but it won't be updated because the property is immutable.
2025-01-23T02:42:59.590+07:00  WARN 10040 --- [           main] o.h.p.entity.AbstractEntityPersister     : HHH000502: The [question] property of the [com.healthy.BackEnd.entity.Answers] entity was modified, but it won't be updated because the property is immutable.
2025-01-23T02:42:59.593+07:00  WARN 10040 --- [           main] o.h.p.entity.AbstractEntityPersister     : HHH000502: The [question] property of the [com.healthy.BackEnd.entity.Answers] entity was modified, but it won't be updated because the property is immutable.
2025-01-23T02:42:59.596+07:00  WARN 10040 --- [           main] o.h.p.entity.AbstractEntityPersister     : HHH000502: The [question] property of the [com.healthy.BackEnd.entity.Answers] entity was modified, but it won't be updated because the property is immutable.
2025-01-23T02:42:59.599+07:00  WARN 10040 --- [           main] o.h.p.entity.AbstractEntityPersister     : HHH000502: The [question] property of the [com.healthy.BackEnd.entity.Answers] entity was modified, but it won't be updated because the property is immutable.
2025-01-23T02:42:59.603+07:00  WARN 10040 --- [           main] o.h.p.entity.AbstractEntityPersister     : HHH000502: The [question] property of the [com.healthy.BackEnd.entity.Answers] entity was modified, but it won't be updated because the property is immutable.
2025-01-23T02:42:59.607+07:00  WARN 10040 --- [           main] o.h.p.entity.AbstractEntityPersister     : HHH000502: The [question] property of the [com.healthy.BackEnd.entity.Answers] entity was modified, but it won't be updated because the property is immutable.
2025-01-23T02:42:59.611+07:00  WARN 10040 --- [           main] o.h.p.entity.AbstractEntityPersister     : HHH000502: The [question] property of the [com.healthy.BackEnd.entity.Answers] entity was modified, but it won't be updated because the property is immutable.
2025-01-23T02:42:59.615+07:00  WARN 10040 --- [           main] o.h.p.entity.AbstractEntityPersister     : HHH000502: The [question] property of the [com.healthy.BackEnd.entity.Answers] entity was modified, but it won't be updated because the property is immutable.
2025-01-23T02:42:59.619+07:00  WARN 10040 --- [           main] o.h.p.entity.AbstractEntityPersister     : HHH000502: The [question] property of the [com.healthy.BackEnd.entity.Answers] entity was modified, but it won't be updated because the property is immutable.
2025-01-23T02:42:59.622+07:00  WARN 10040 --- [           main] o.h.p.entity.AbstractEntityPersister     : HHH000502: The [question] property of the [com.healthy.BackEnd.entity.Answers] entity was modified, but it won't be updated because the property is immutable.
2025-01-23T02:42:59.625+07:00  WARN 10040 --- [           main] o.h.p.entity.AbstractEntityPersister     : HHH000502: The [question] property of the [com.healthy.BackEnd.entity.Answers] entity was modified, but it won't be updated because the property is immutable.
2025-01-23T02:42:59.629+07:00  WARN 10040 --- [           main] o.h.p.entity.AbstractEntityPersister     : HHH000502: The [question] property of the [com.healthy.BackEnd.entity.Answers] entity was modified, but it won't be updated because the property is immutable.
2025-01-23T02:42:59.634+07:00  WARN 10040 --- [           main] o.h.p.entity.AbstractEntityPersister     : HHH000502: The [question] property of the [com.healthy.BackEnd.entity.Answers] entity was modified, but it won't be updated because the property is immutable.
2025-01-23T02:42:59.640+07:00  WARN 10040 --- [           main] o.h.p.entity.AbstractEntityPersister     : HHH000502: The [answer] property of the [com.healthy.BackEnd.entity.SurveyResults] entity was modified, but it won't be updated because the property is immutable.
2025-01-23T02:42:59.640+07:00  WARN 10040 --- [           main] o.h.p.entity.AbstractEntityPersister     : HHH000502: The [question] property of the [com.healthy.BackEnd.entity.SurveyResults] entity was modified, but it won't be updated because the property is immutable.
2025-01-23T02:42:59.640+07:00  WARN 10040 --- [           main] o.h.p.entity.AbstractEntityPersister     : HHH000502: The [student] property of the [com.healthy.BackEnd.entity.SurveyResults] entity was modified, but it won't be updated because the property is immutable.
2025-01-23T02:42:59.644+07:00  WARN 10040 --- [           main] o.h.p.entity.AbstractEntityPersister     : HHH000502: The [answer] property of the [com.healthy.BackEnd.entity.SurveyResults] entity was modified, but it won't be updated because the property is immutable.
2025-01-23T02:42:59.644+07:00  WARN 10040 --- [           main] o.h.p.entity.AbstractEntityPersister     : HHH000502: The [question] property of the [com.healthy.BackEnd.entity.SurveyResults] entity was modified, but it won't be updated because the property is immutable.
2025-01-23T02:42:59.644+07:00  WARN 10040 --- [           main] o.h.p.entity.AbstractEntityPersister     : HHH000502: The [student] property of the [com.healthy.BackEnd.entity.SurveyResults] entity was modified, but it won't be updated because the property is immutable.
2025-01-23T02:42:59.650+07:00  WARN 10040 --- [           main] o.h.p.entity.AbstractEntityPersister     : HHH000502: The [psychologist] property of the [com.healthy.BackEnd.entity.StudentNotes] entity was modified, but it won't be updated because the property is immutable.
2025-01-23T02:42:59.650+07:00  WARN 10040 --- [           main] o.h.p.entity.AbstractEntityPersister     : HHH000502: The [student] property of the [com.healthy.BackEnd.entity.StudentNotes] entity was modified, but it won't be updated because the property is immutable.
2025-01-23T02:42:59.653+07:00  WARN 10040 --- [           main] o.h.p.entity.AbstractEntityPersister     : HHH000502: The [psychologist] property of the [com.healthy.BackEnd.entity.StudentNotes] entity was modified, but it won't be updated because the property is immutable.
2025-01-23T02:42:59.653+07:00  WARN 10040 --- [           main] o.h.p.entity.AbstractEntityPersister     : HHH000502: The [student] property of the [com.healthy.BackEnd.entity.StudentNotes] entity was modified, but it won't be updated because the property is immutable.
2025-01-23T02:42:59.660+07:00  WARN 10040 --- [           main] o.h.p.entity.AbstractEntityPersister     : HHH000502: The [user] property of the [com.healthy.BackEnd.entity.UserLogs] entity was modified, but it won't be updated because the property is immutable.
2025-01-23T02:42:59.664+07:00  WARN 10040 --- [           main] o.h.p.entity.AbstractEntityPersister     : HHH000502: The [user] property of the [com.healthy.BackEnd.entity.UserLogs] entity was modified, but it won't be updated because the property is immutable.
2025-01-23T02:42:59.670+07:00  WARN 10040 --- [           main] o.h.p.entity.AbstractEntityPersister     : HHH000502: The [createdByUser] property of the [com.healthy.BackEnd.entity.Blog] entity was modified, but it won't be updated because the property is immutable.
2025-01-23T02:42:59.674+07:00  WARN 10040 --- [           main] o.h.p.entity.AbstractEntityPersister     : HHH000502: The [createdByUser] property of the [com.healthy.BackEnd.entity.Blog] entity was modified, but it won't be updated because the property is immutable.
2025-01-23T02:42:59.679+07:00  WARN 10040 --- [           main] o.h.p.entity.AbstractEntityPersister     : HHH000502: The [psychologist] property of the [com.healthy.BackEnd.entity.Appointments] entity was modified, but it won't be updated because the property is immutable.
2025-01-23T02:42:59.679+07:00  WARN 10040 --- [           main] o.h.p.entity.AbstractEntityPersister     : HHH000502: The [student] property of the [com.healthy.BackEnd.entity.Appointments] entity was modified, but it won't be updated because the property is immutable.
2025-01-23T02:42:59.679+07:00  WARN 10040 --- [           main] o.h.p.entity.AbstractEntityPersister     : HHH000502: The [timeSlot] property of the [com.healthy.BackEnd.entity.Appointments] entity was modified, but it won't be updated because the property is immutable.
2025-01-23T02:42:59.691+07:00  WARN 10040 --- [           main] o.h.p.entity.AbstractEntityPersister     : HHH000502: The [psychologist] property of the [com.healthy.BackEnd.entity.Appointments] entity was modified, but it won't be updated because the property is immutable.
2025-01-23T02:42:59.692+07:00  WARN 10040 --- [           main] o.h.p.entity.AbstractEntityPersister     : HHH000502: The [student] property of the [com.healthy.BackEnd.entity.Appointments] entity was modified, but it won't be updated because the property is immutable.
2025-01-23T02:42:59.692+07:00  WARN 10040 --- [           main] o.h.p.entity.AbstractEntityPersister     : HHH000502: The [timeSlot] property of the [com.healthy.BackEnd.entity.Appointments] entity was modified, but it won't be updated because the property is immutable.
2025-01-23T02:42:59.703+07:00  WARN 10040 --- [           main] o.h.p.entity.AbstractEntityPersister     : HHH000502: The [appointment] property of the [com.healthy.BackEnd.entity.AppointmentHistory] entity was modified, but it won't be updated because the property is immutable.
2025-01-23T02:42:59.703+07:00  WARN 10040 --- [           main] o.h.p.entity.AbstractEntityPersister     : HHH000502: The [changedByUser] property of the [com.healthy.BackEnd.entity.AppointmentHistory] entity was modified, but it won't be updated because the property is immutable.
2025-01-23T02:42:59.708+07:00  WARN 10040 --- [           main] o.h.p.entity.AbstractEntityPersister     : HHH000502: The [appointment] property of the [com.healthy.BackEnd.entity.AppointmentHistory] entity was modified, but it won't be updated because the property is immutable.
2025-01-23T02:42:59.708+07:00  WARN 10040 --- [           main] o.h.p.entity.AbstractEntityPersister     : HHH000502: The [changedByUser] property of the [com.healthy.BackEnd.entity.AppointmentHistory] entity was modified, but it won't be updated because the property is immutable.
2025-01-23T02:42:59.713+07:00  WARN 10040 --- [           main] o.h.p.entity.AbstractEntityPersister     : HHH000502: The [user] property of the [com.healthy.BackEnd.entity.Notifications] entity was modified, but it won't be updated because the property is immutable.
2025-01-23T02:42:59.717+07:00  WARN 10040 --- [           main] o.h.p.entity.AbstractEntityPersister     : HHH000502: The [user] property of the [com.healthy.BackEnd.entity.Notifications] entity was modified, but it won't be updated because the property is immutable.
]]></system-out>
  </testcase>
</testsuite>